This is pdfTeX, Version 3.14159265-2.6-1.40.16 (TeX Live 2015/Debian) (preloaded format=pdflatex 2017.9.6)  4 FEB 2019 23:54
entering extended mode
 restricted \write18 enabled.
 %&-line parsing enabled.
**Hw1.tex
(./Hw1.tex
LaTeX2e <2016/02/01>
Babel <3.9q> and hyphenation patterns for 81 language(s) loaded.
(/usr/share/texlive/texmf-dist/tex/latex/base/article.cls
Document Class: article 2014/09/29 v1.4h Standard LaTeX document class
(/usr/share/texlive/texmf-dist/tex/latex/base/size12.clo
File: size12.clo 2014/09/29 v1.4h Standard LaTeX file (size option)
)
\c@part=\count79
\c@section=\count80
\c@subsection=\count81
\c@subsubsection=\count82
\c@paragraph=\count83
\c@subparagraph=\count84
\c@figure=\count85
\c@table=\count86
\abovecaptionskip=\skip41
\belowcaptionskip=\skip42
\bibindent=\dimen102
)
(/usr/share/texlive/texmf-dist/tex/latex/amsmath/amsmath.sty
Package: amsmath 2016/03/03 v2.15a AMS math features
\@mathmargin=\skip43

For additional information on amsmath, use the `?' option.
(/usr/share/texlive/texmf-dist/tex/latex/amsmath/amstext.sty
Package: amstext 2000/06/29 v2.01 AMS text

(/usr/share/texlive/texmf-dist/tex/latex/amsmath/amsgen.sty
File: amsgen.sty 1999/11/30 v2.0 generic functions
\@emptytoks=\toks14
\ex@=\dimen103
))
(/usr/share/texlive/texmf-dist/tex/latex/amsmath/amsbsy.sty
Package: amsbsy 1999/11/29 v1.2d Bold Symbols
\pmbraise@=\dimen104
)
(/usr/share/texlive/texmf-dist/tex/latex/amsmath/amsopn.sty
Package: amsopn 1999/12/14 v2.01 operator names
)
\inf@bad=\count87
LaTeX Info: Redefining \frac on input line 199.
\uproot@=\count88
\leftroot@=\count89
LaTeX Info: Redefining \overline on input line 297.
\classnum@=\count90
\DOTSCASE@=\count91
LaTeX Info: Redefining \ldots on input line 394.
LaTeX Info: Redefining \dots on input line 397.
LaTeX Info: Redefining \cdots on input line 518.
\Mathstrutbox@=\box26
\strutbox@=\box27
\big@size=\dimen105
LaTeX Font Info:    Redeclaring font encoding OML on input line 630.
LaTeX Font Info:    Redeclaring font encoding OMS on input line 631.
\macc@depth=\count92
\c@MaxMatrixCols=\count93
\dotsspace@=\muskip10
\c@parentequation=\count94
\dspbrk@lvl=\count95
\tag@help=\toks15
\row@=\count96
\column@=\count97
\maxfields@=\count98
\andhelp@=\toks16
\eqnshift@=\dimen106
\alignsep@=\dimen107
\tagshift@=\dimen108
\tagwidth@=\dimen109
\totwidth@=\dimen110
\lineht@=\dimen111
\@envbody=\toks17
\multlinegap=\skip44
\multlinetaggap=\skip45
\mathdisplay@stack=\toks18
LaTeX Info: Redefining \[ on input line 2735.
LaTeX Info: Redefining \] on input line 2736.
)
(/usr/share/texlive/texmf-dist/tex/latex/amsfonts/amsfonts.sty
Package: amsfonts 2013/01/14 v3.01 Basic AMSFonts support
\symAMSa=\mathgroup4
\symAMSb=\mathgroup5
LaTeX Font Info:    Overwriting math alphabet `\mathfrak' in version `bold'
(Font)                  U/euf/m/n --> U/euf/b/n on input line 106.
)
(/usr/share/texlive/texmf-dist/tex/latex/amsfonts/amssymb.sty
Package: amssymb 2013/01/14 v3.01 AMS font symbols
)
(/usr/share/texlive/texmf-dist/tex/latex/txfonts/txfonts.sty
Package: txfonts 2008/01/22 v3.2.1
LaTeX Font Info:    Redeclaring symbol font `operators' on input line 21.
LaTeX Font Info:    Overwriting symbol font `operators' in version `normal'
(Font)                  OT1/cmr/m/n --> OT1/txr/m/n on input line 21.
LaTeX Font Info:    Overwriting symbol font `operators' in version `bold'
(Font)                  OT1/cmr/bx/n --> OT1/txr/m/n on input line 21.
LaTeX Font Info:    Overwriting symbol font `operators' in version `bold'
(Font)                  OT1/txr/m/n --> OT1/txr/bx/n on input line 22.
\symitalic=\mathgroup6
LaTeX Font Info:    Overwriting symbol font `italic' in version `bold'
(Font)                  OT1/txr/m/it --> OT1/txr/bx/it on input line 26.
LaTeX Font Info:    Redeclaring math alphabet \mathbf on input line 29.
LaTeX Font Info:    Overwriting math alphabet `\mathbf' in version `normal'
(Font)                  OT1/cmr/bx/n --> OT1/txr/bx/n on input line 29.
LaTeX Font Info:    Overwriting math alphabet `\mathbf' in version `bold'
(Font)                  OT1/cmr/bx/n --> OT1/txr/bx/n on input line 29.
LaTeX Font Info:    Redeclaring math alphabet \mathit on input line 30.
LaTeX Font Info:    Overwriting math alphabet `\mathit' in version `normal'
(Font)                  OT1/cmr/m/it --> OT1/txr/m/it on input line 30.
LaTeX Font Info:    Overwriting math alphabet `\mathit' in version `bold'
(Font)                  OT1/cmr/bx/it --> OT1/txr/m/it on input line 30.
LaTeX Font Info:    Overwriting math alphabet `\mathit' in version `bold'
(Font)                  OT1/txr/m/it --> OT1/txr/bx/it on input line 31.
LaTeX Font Info:    Redeclaring math alphabet \mathsf on input line 40.
LaTeX Font Info:    Overwriting math alphabet `\mathsf' in version `normal'
(Font)                  OT1/cmss/m/n --> OT1/txss/m/n on input line 40.
LaTeX Font Info:    Overwriting math alphabet `\mathsf' in version `bold'
(Font)                  OT1/cmss/bx/n --> OT1/txss/m/n on input line 40.
LaTeX Font Info:    Overwriting math alphabet `\mathsf' in version `bold'
(Font)                  OT1/txss/m/n --> OT1/txss/b/n on input line 41.
LaTeX Font Info:    Redeclaring math alphabet \mathtt on input line 50.
LaTeX Font Info:    Overwriting math alphabet `\mathtt' in version `normal'
(Font)                  OT1/cmtt/m/n --> OT1/txtt/m/n on input line 50.
LaTeX Font Info:    Overwriting math alphabet `\mathtt' in version `bold'
(Font)                  OT1/cmtt/m/n --> OT1/txtt/m/n on input line 50.
LaTeX Font Info:    Overwriting math alphabet `\mathtt' in version `bold'
(Font)                  OT1/txtt/m/n --> OT1/txtt/b/n on input line 51.
LaTeX Font Info:    Redeclaring symbol font `letters' on input line 58.
LaTeX Font Info:    Overwriting symbol font `letters' in version `normal'
(Font)                  OML/cmm/m/it --> OML/txmi/m/it on input line 58.
LaTeX Font Info:    Overwriting symbol font `letters' in version `bold'
(Font)                  OML/cmm/b/it --> OML/txmi/m/it on input line 58.
LaTeX Font Info:    Overwriting symbol font `letters' in version `bold'
(Font)                  OML/txmi/m/it --> OML/txmi/bx/it on input line 59.
\symlettersA=\mathgroup7
LaTeX Font Info:    Overwriting symbol font `lettersA' in version `bold'
(Font)                  U/txmia/m/it --> U/txmia/bx/it on input line 67.
LaTeX Font Info:    Redeclaring math alphabet \mathfrak on input line 70.
LaTeX Font Info:    Redeclaring symbol font `symbols' on input line 77.
LaTeX Font Info:    Overwriting symbol font `symbols' in version `normal'
(Font)                  OMS/cmsy/m/n --> OMS/txsy/m/n on input line 77.
LaTeX Font Info:    Overwriting symbol font `symbols' in version `bold'
(Font)                  OMS/cmsy/b/n --> OMS/txsy/m/n on input line 77.
LaTeX Font Info:    Overwriting symbol font `symbols' in version `bold'
(Font)                  OMS/txsy/m/n --> OMS/txsy/bx/n on input line 78.
LaTeX Font Info:    Redeclaring symbol font `AMSa' on input line 93.
LaTeX Font Info:    Overwriting symbol font `AMSa' in version `normal'
(Font)                  U/msa/m/n --> U/txsya/m/n on input line 93.
LaTeX Font Info:    Overwriting symbol font `AMSa' in version `bold'
(Font)                  U/msa/m/n --> U/txsya/m/n on input line 93.
LaTeX Font Info:    Overwriting symbol font `AMSa' in version `bold'
(Font)                  U/txsya/m/n --> U/txsya/bx/n on input line 94.
LaTeX Font Info:    Redeclaring symbol font `AMSb' on input line 102.
LaTeX Font Info:    Overwriting symbol font `AMSb' in version `normal'
(Font)                  U/msb/m/n --> U/txsyb/m/n on input line 102.
LaTeX Font Info:    Overwriting symbol font `AMSb' in version `bold'
(Font)                  U/msb/m/n --> U/txsyb/m/n on input line 102.
LaTeX Font Info:    Overwriting symbol font `AMSb' in version `bold'
(Font)                  U/txsyb/m/n --> U/txsyb/bx/n on input line 103.
\symsymbolsC=\mathgroup8
LaTeX Font Info:    Overwriting symbol font `symbolsC' in version `bold'
(Font)                  U/txsyc/m/n --> U/txsyc/bx/n on input line 113.
LaTeX Font Info:    Redeclaring symbol font `largesymbols' on input line 120.
LaTeX Font Info:    Overwriting symbol font `largesymbols' in version `normal'
(Font)                  OMX/cmex/m/n --> OMX/txex/m/n on input line 120.
LaTeX Font Info:    Overwriting symbol font `largesymbols' in version `bold'
(Font)                  OMX/cmex/m/n --> OMX/txex/m/n on input line 120.
LaTeX Font Info:    Overwriting symbol font `largesymbols' in version `bold'
(Font)                  OMX/txex/m/n --> OMX/txex/bx/n on input line 121.
\symlargesymbolsA=\mathgroup9
LaTeX Font Info:    Overwriting symbol font `largesymbolsA' in version `bold'
(Font)                  U/txexa/m/n --> U/txexa/bx/n on input line 129.
LaTeX Info: Redefining \not on input line 1043.
) (./Hw1.aux)
\openout1 = `Hw1.aux'.

LaTeX Font Info:    Checking defaults for OML/txmi/m/it on input line 35.
LaTeX Font Info:    Try loading font information for OML+txmi on input line 35.


(/usr/share/texlive/texmf-dist/tex/latex/txfonts/omltxmi.fd
File: omltxmi.fd 2000/12/15 v3.1
)
LaTeX Font Info:    ... okay on input line 35.
LaTeX Font Info:    Checking defaults for T1/cmr/m/n on input line 35.
LaTeX Font Info:    ... okay on input line 35.
LaTeX Font Info:    Checking defaults for OT1/cmr/m/n on input line 35.
LaTeX Font Info:    ... okay on input line 35.
LaTeX Font Info:    Checking defaults for OMS/txsy/m/n on input line 35.
LaTeX Font Info:    Try loading font information for OMS+txsy on input line 35.


(/usr/share/texlive/texmf-dist/tex/latex/txfonts/omstxsy.fd
File: omstxsy.fd 2000/12/15 v3.1
)
LaTeX Font Info:    ... okay on input line 35.
LaTeX Font Info:    Checking defaults for OMX/txex/m/n on input line 35.
LaTeX Font Info:    Try loading font information for OMX+txex on input line 35.


(/usr/share/texlive/texmf-dist/tex/latex/txfonts/omxtxex.fd
File: omxtxex.fd 2000/12/15 v3.1
)
LaTeX Font Info:    ... okay on input line 35.
LaTeX Font Info:    Checking defaults for U/txexa/m/n on input line 35.
LaTeX Font Info:    Try loading font information for U+txexa on input line 35.

(/usr/share/texlive/texmf-dist/tex/latex/txfonts/utxexa.fd
File: utxexa.fd 2000/12/15 v3.1
)
LaTeX Font Info:    ... okay on input line 35.
LaTeX Font Info:    Try loading font information for OT1+txr on input line 35.

(/usr/share/texlive/texmf-dist/tex/latex/txfonts/ot1txr.fd
File: ot1txr.fd 2000/12/15 v3.1
)
LaTeX Font Info:    Try loading font information for U+txsya on input line 77.

(/usr/share/texlive/texmf-dist/tex/latex/txfonts/utxsya.fd
File: utxsya.fd 2000/12/15 v3.1
)
LaTeX Font Info:    Try loading font information for U+txsyb on input line 77.

(/usr/share/texlive/texmf-dist/tex/latex/txfonts/utxsyb.fd
File: utxsyb.fd 2000/12/15 v3.1
)
LaTeX Font Info:    Try loading font information for U+txmia on input line 77.

(/usr/share/texlive/texmf-dist/tex/latex/txfonts/utxmia.fd
File: utxmia.fd 2000/12/15 v3.1
)
LaTeX Font Info:    Try loading font information for U+txsyc on input line 77.

(/usr/share/texlive/texmf-dist/tex/latex/txfonts/utxsyc.fd
File: utxsyc.fd 2000/12/15 v3.1
)
Underfull \hbox (badness 10000) in paragraph at lines 91--103

 []


Underfull \hbox (badness 10000) in paragraph at lines 91--103

 []


Underfull \hbox (badness 10000) in paragraph at lines 91--103

 []


Underfull \hbox (badness 10000) in paragraph at lines 91--103

 []


Underfull \hbox (badness 10000) in paragraph at lines 104--108

 []


Underfull \hbox (badness 10000) in paragraph at lines 104--108

 []


Underfull \hbox (badness 10000) in paragraph at lines 104--108

 []


Underfull \hbox (badness 10000) in paragraph at lines 109--137

 []


Underfull \hbox (badness 10000) in paragraph at lines 109--137

 []


Underfull \hbox (badness 10000) in paragraph at lines 109--137

 []


Underfull \hbox (badness 10000) in paragraph at lines 109--137

 []


Underfull \hbox (badness 10000) in paragraph at lines 109--137

 []


Underfull \hbox (badness 10000) in paragraph at lines 109--137

 []


Underfull \hbox (badness 10000) in paragraph at lines 109--137

 []


Underfull \hbox (badness 10000) in paragraph at lines 109--137

 []


Underfull \hbox (badness 10000) in paragraph at lines 109--137

 []


Underfull \hbox (badness 10000) in paragraph at lines 109--137

 []


Underfull \hbox (badness 10000) in paragraph at lines 109--137

 []


Underfull \hbox (badness 10000) in paragraph at lines 109--137

 []

[1{/var/lib/texmf/fonts/map/pdftex/updmap/pdftex.map}

]
Underfull \hbox (badness 10000) in paragraph at lines 173--185

 []


Underfull \hbox (badness 10000) in paragraph at lines 173--185

 []


Underfull \hbox (badness 10000) in paragraph at lines 173--185

 []


Underfull \hbox (badness 10000) in paragraph at lines 173--185

 []


Underfull \hbox (badness 10000) in paragraph at lines 186--188

 []


Underfull \hbox (badness 10000) in paragraph at lines 189--217

 []


Underfull \hbox (badness 10000) in paragraph at lines 189--217

 []


Underfull \hbox (badness 10000) in paragraph at lines 189--217

 []


Underfull \hbox (badness 10000) in paragraph at lines 189--217

 []


Underfull \hbox (badness 10000) in paragraph at lines 189--217

 []


Underfull \hbox (badness 10000) in paragraph at lines 189--217

 []


Underfull \hbox (badness 10000) in paragraph at lines 189--217

 []


Underfull \hbox (badness 10000) in paragraph at lines 189--217

 []


Underfull \hbox (badness 10000) in paragraph at lines 189--217

 []


Underfull \hbox (badness 10000) in paragraph at lines 189--217

 []

[2]
Underfull \hbox (badness 10000) in paragraph at lines 253--265

 []


Underfull \hbox (badness 10000) in paragraph at lines 253--265

 []


Underfull \hbox (badness 10000) in paragraph at lines 253--265

 []


Underfull \hbox (badness 10000) in paragraph at lines 253--265

 []


Underfull \hbox (badness 10000) in paragraph at lines 266--268

 []


Underfull \hbox (badness 10000) in paragraph at lines 269--293

 []


Underfull \hbox (badness 10000) in paragraph at lines 269--293

 []


Underfull \hbox (badness 10000) in paragraph at lines 269--293

 []


Underfull \hbox (badness 10000) in paragraph at lines 269--293

 []


Underfull \hbox (badness 10000) in paragraph at lines 269--293

 []


Underfull \hbox (badness 10000) in paragraph at lines 269--293

 []


Underfull \hbox (badness 10000) in paragraph at lines 269--293

 []


Underfull \hbox (badness 10000) in paragraph at lines 269--293

 []


Underfull \hbox (badness 10000) in paragraph at lines 269--293

 []


Underfull \hbox (badness 10000) in paragraph at lines 269--293

 []

[3]
Underfull \hbox (badness 10000) in paragraph at lines 328--337

 []


Underfull \hbox (badness 10000) in paragraph at lines 328--337

 []


Underfull \hbox (badness 10000) in paragraph at lines 328--337

 []


Underfull \hbox (badness 10000) in paragraph at lines 328--337

 []


Underfull \hbox (badness 10000) in paragraph at lines 328--337

 []


Underfull \hbox (badness 10000) in paragraph at lines 338--340

 []

[4]
Underfull \hbox (badness 10000) in paragraph at lines 341--357

 []


Underfull \hbox (badness 10000) in paragraph at lines 341--357

 []


Underfull \hbox (badness 10000) in paragraph at lines 341--357

 []


Underfull \hbox (badness 10000) in paragraph at lines 392--405

 []


Underfull \hbox (badness 10000) in paragraph at lines 392--405

 []


Underfull \hbox (badness 10000) in paragraph at lines 392--405

 []


Underfull \hbox (badness 10000) in paragraph at lines 392--405

 []


Underfull \hbox (badness 10000) in paragraph at lines 406--408

 []

! Missing $ inserted.
<inserted text> 
                $
l.417 	 = $2k^
              {4} + 8k^{3} + 11k^{2} + 6k + 1$ \\
? r
OK, entering \nonstopmode...
! Missing $ inserted.
<inserted text> 
                $
l.425 	 = $2k^
              {4} + 8k^{3} + 11k^{2} + 6k + 1$ \\
I've inserted a begin-math/end-math symbol since I think
you left one out. Proceed, with fingers crossed.


Underfull \hbox (badness 10000) in paragraph at lines 409--431

 []


Underfull \hbox (badness 10000) in paragraph at lines 409--431

 []


Underfull \hbox (badness 10000) in paragraph at lines 409--431

 []


Underfull \hbox (badness 10000) in paragraph at lines 409--431

 []


Underfull \hbox (badness 10000) in paragraph at lines 409--431

 []


Underfull \hbox (badness 10000) in paragraph at lines 409--431

 []


Underfull \hbox (badness 10000) in paragraph at lines 409--431

 []


Underfull \hbox (badness 10000) in paragraph at lines 409--431

 []


Underfull \hbox (badness 10000) in paragraph at lines 409--431

 []

[5]
Underfull \hbox (badness 10000) in paragraph at lines 465--477

 []


Underfull \hbox (badness 10000) in paragraph at lines 465--477

 []


Underfull \hbox (badness 10000) in paragraph at lines 465--477

 []


Underfull \hbox (badness 10000) in paragraph at lines 465--477

 []


Underfull \hbox (badness 10000) in paragraph at lines 478--480

 []

[6]
Underfull \hbox (badness 10000) in paragraph at lines 481--502

 []


Underfull \hbox (badness 10000) in paragraph at lines 481--502

 []


Underfull \hbox (badness 10000) in paragraph at lines 481--502

 []


Underfull \hbox (badness 10000) in paragraph at lines 481--502

 []


Underfull \hbox (badness 10000) in paragraph at lines 481--502

 []


Underfull \hbox (badness 10000) in paragraph at lines 481--502

 []


Underfull \hbox (badness 10000) in paragraph at lines 481--502

 []


Underfull \hbox (badness 10000) in paragraph at lines 481--502

 []


Underfull \hbox (badness 10000) in paragraph at lines 481--502

 []


Underfull \hbox (badness 10000) in paragraph at lines 537--551

 []


Underfull \hbox (badness 10000) in paragraph at lines 537--551

 []


Underfull \hbox (badness 10000) in paragraph at lines 537--551

 []


Underfull \hbox (badness 10000) in paragraph at lines 537--551

 []

[7]
Underfull \hbox (badness 10000) in paragraph at lines 552--554

 []


Underfull \hbox (badness 10000) in paragraph at lines 555--575

 []


Underfull \hbox (badness 10000) in paragraph at lines 555--575

 []


Underfull \hbox (badness 10000) in paragraph at lines 555--575

 []


Underfull \hbox (badness 10000) in paragraph at lines 555--575

 []


Underfull \hbox (badness 10000) in paragraph at lines 555--575

 []


Underfull \hbox (badness 10000) in paragraph at lines 555--575

 []


Underfull \hbox (badness 10000) in paragraph at lines 555--575

 []


Underfull \hbox (badness 10000) in paragraph at lines 555--575

 []


Underfull \hbox (badness 10000) in paragraph at lines 611--626

 []


Underfull \hbox (badness 10000) in paragraph at lines 611--626

 []


Underfull \hbox (badness 10000) in paragraph at lines 611--626

 []


Underfull \hbox (badness 10000) in paragraph at lines 611--626

 []

[8]
Underfull \hbox (badness 10000) in paragraph at lines 627--629

 []

! Undefined control sequence.
l.637 ...1)$\cdot$($2^{k+1}$) + 4$\cdot2^{k}\cdotk
                                                  $ + 2\\
The control sequence at the end of the top line
of your error message was never \def'ed. If you have
misspelled it (e.g., `\hobx'), type `I' and the correct
spelling (e.g., `I\hbox'). Otherwise just continue,
and I'll forget about whatever was undefined.

! Undefined control sequence.
l.639 ...^{k+1}$) + $2^{k+1}$ + 4$\cdot2^{k}\cdotk
                                                  $ + 2\\
The control sequence at the end of the top line
of your error message was never \def'ed. If you have
misspelled it (e.g., `\hobx'), type `I' and the correct
spelling (e.g., `I\hbox'). Otherwise just continue,
and I'll forget about whatever was undefined.


Underfull \hbox (badness 10000) in paragraph at lines 630--649

 []


Underfull \hbox (badness 10000) in paragraph at lines 630--649

 []


Underfull \hbox (badness 10000) in paragraph at lines 630--649

 []


Underfull \hbox (badness 10000) in paragraph at lines 630--649

 []


Underfull \hbox (badness 10000) in paragraph at lines 630--649

 []


Underfull \hbox (badness 10000) in paragraph at lines 630--649

 []


Underfull \hbox (badness 10000) in paragraph at lines 630--649

 []


Underfull \hbox (badness 10000) in paragraph at lines 630--649

 []

[9] [10] (./Hw1.aux) ) 
Here is how much of TeX's memory you used:
 1600 strings out of 493029
 18294 string characters out of 6136235
 70163 words of memory out of 5000000
 5139 multiletter control sequences out of 15000+600000
 26454 words of font info for 64 fonts, out of 8000000 for 9000
 1141 hyphenation exceptions out of 8191
 27i,8n,24p,199b,204s stack positions out of 5000i,500n,10000p,200000b,80000s
{/usr/share/texlive/texmf-dist/fonts/enc/dvips/base/8r.en
c}</usr/share/texlive/texmf-dist/fonts/type1/public/txfonts/rtxmi.pfb></usr/sha
re/texlive/texmf-dist/fonts/type1/public/txfonts/rtxr.pfb></usr/share/texlive/t
exmf-dist/fonts/type1/public/txfonts/txex.pfb></usr/share/texlive/texmf-dist/fo
nts/type1/public/txfonts/txsy.pfb></usr/share/texlive/texmf-dist/fonts/type1/pu
blic/txfonts/txsyc.pfb></usr/share/texlive/texmf-dist/fonts/type1/urw/times/utm
b8a.pfb></usr/share/texlive/texmf-dist/fonts/type1/urw/times/utmr8a.pfb></usr/s
hare/texlive/texmf-dist/fonts/type1/urw/times/utmri8a.pfb>
Output written on Hw1.pdf (10 pages, 60499 bytes).
PDF statistics:
 70 PDF objects out of 1000 (max. 8388607)
 49 compressed objects within 1 object stream
 0 named destinations out of 1000 (max. 500000)
 1 words of extra memory for PDF output out of 10000 (max. 10000000)

