

*******************************************************************************
Sun Mar 24 16:33:05 2019


FIT:    data read from 'plot.txt' using 1:2
        format = x:z
        #datapoints = 10
        residuals are weighted equally (unit weight)

function used for fitting: g(x)
fitted parameters initialized with current variable values



 Iteration 0
 WSSR        : 2.65674e+12       delta(WSSR)/WSSR   : 0
 delta(WSSR) : 0                 limit for stopping : 1e-05
 lambda	  : 503319

initial set of free parameter values

c               = 1

After 3 iterations the fit converged.
final sum of squares of residuals : 2.59316e+11
rel. change during last iteration : -7.62537e-08

degrees of freedom    (FIT_NDF)                        : 9
rms of residuals      (FIT_STDFIT) = sqrt(WSSR/ndf)    : 169744
variance of residuals (reduced chisquare) = WSSR/ndf   : 2.88129e+10

Final set of parameters            Asymptotic Standard Error
=======================            ==========================

c               = 1.97281          +/- 0.1066       (5.406%)


correlation matrix of the fit parameters:

               c      
c               1.000 


*******************************************************************************
Sun Mar 24 16:33:52 2019


FIT:    data read from 'plot.txt' using 1:2
        format = x:z
        #datapoints = 9
        residuals are weighted equally (unit weight)

function used for fitting: g(x)
fitted parameters initialized with current variable values



 Iteration 0
 WSSR        : 1.86301e+11       delta(WSSR)/WSSR   : 0
 delta(WSSR) : 0                 limit for stopping : 1e-05
 lambda	  : 412755

initial set of free parameter values

c               = 1.97281

After 3 iterations the fit converged.
final sum of squares of residuals : 1.38682e+11
rel. change during last iteration : -4.22974e-09

degrees of freedom    (FIT_NDF)                        : 8
rms of residuals      (FIT_STDFIT) = sqrt(WSSR/ndf)    : 131663
variance of residuals (reduced chisquare) = WSSR/ndf   : 1.73353e+10

Final set of parameters            Asymptotic Standard Error
=======================            ==========================

c               = 1.79658          +/- 0.1063       (5.918%)


correlation matrix of the fit parameters:

               c      
c               1.000 


*******************************************************************************
Sun Mar 24 16:33:55 2019


FIT:    data read from 'plot.txt' using 1:2
        format = x:z
        #datapoints = 9
        residuals are weighted equally (unit weight)

function used for fitting: g(x)
fitted parameters initialized with current variable values



 Iteration 0
 WSSR        : 1.38682e+11       delta(WSSR)/WSSR   : 0
 delta(WSSR) : 0                 limit for stopping : 1e-05
 lambda	  : 412755

initial set of free parameter values

c               = 1.79658

The maximum lambda = 1.000000e+20 was exceeded. Fit stopped.
final sum of squares of residuals : 1.38682e+11
rel. change during last iteration : 0

degrees of freedom    (FIT_NDF)                        : 8
rms of residuals      (FIT_STDFIT) = sqrt(WSSR/ndf)    : 131663
variance of residuals (reduced chisquare) = WSSR/ndf   : 1.73353e+10

Final set of parameters            Asymptotic Standard Error
=======================            ==========================

c               = 1.79658          +/- 0.1063       (5.918%)


correlation matrix of the fit parameters:

               c      
c               1.000 


*******************************************************************************
Sun Mar 24 16:34:56 2019


FIT:    data read from 'plot.txt' using 1:2
        format = x:z
        #datapoints = 9
        residuals are weighted equally (unit weight)

function used for fitting: g(x)
fitted parameters initialized with current variable values



 Iteration 0
 WSSR        : 1.11163e+12       delta(WSSR)/WSSR   : 0
 delta(WSSR) : 0                 limit for stopping : 1e-05
 lambda	  : 412755

initial set of free parameter values

c               = 1

After 3 iterations the fit converged.
final sum of squares of residuals : 1.38682e+11
rel. change during last iteration : -8.64209e-08

degrees of freedom    (FIT_NDF)                        : 8
rms of residuals      (FIT_STDFIT) = sqrt(WSSR/ndf)    : 131663
variance of residuals (reduced chisquare) = WSSR/ndf   : 1.73353e+10

Final set of parameters            Asymptotic Standard Error
=======================            ==========================

c               = 1.79658          +/- 0.1063       (5.918%)


correlation matrix of the fit parameters:

               c      
c               1.000 


*******************************************************************************
Sun Mar 24 16:39:04 2019


FIT:    data read from 'plot.txt' using 1:2
        format = x:z
        #datapoints = 10
        residuals are weighted equally (unit weight)

function used for fitting: g(x)
fitted parameters initialized with current variable values



 Iteration 0
 WSSR        : 6.36965e+18       delta(WSSR)/WSSR   : 0
 delta(WSSR) : 0                 limit for stopping : 1e-05
 lambda	  : 4.44793e+08

initial set of free parameter values

c               = 1.79658

After 4 iterations the fit converged.
final sum of squares of residuals : 8.05111e+08
rel. change during last iteration : -6.52524e-09

degrees of freedom    (FIT_NDF)                        : 9
rms of residuals      (FIT_STDFIT) = sqrt(WSSR/ndf)    : 9458.16
variance of residuals (reduced chisquare) = WSSR/ndf   : 8.94568e+07

Final set of parameters            Asymptotic Standard Error
=======================            ==========================

c               = 0.00226147       +/- 6.724e-06    (0.2973%)


correlation matrix of the fit parameters:

               c      
c               1.000 


*******************************************************************************
Sun Mar 24 16:39:12 2019


FIT:    data read from 'plot.txt' using 1:2
        format = x:z
        #datapoints = 10
        residuals are weighted equally (unit weight)

function used for fitting: g(x)
fitted parameters initialized with current variable values



 Iteration 0
 WSSR        : 8.55975e+18       delta(WSSR)/WSSR   : 0
 delta(WSSR) : 0                 limit for stopping : 1e-05
 lambda	  : 4.0955e+11

initial set of free parameter values

c               = 0.00226147

After 4 iterations the fit converged.
final sum of squares of residuals : 1.65059e+11
rel. change during last iteration : -4.2773e-11

degrees of freedom    (FIT_NDF)                        : 9
rms of residuals      (FIT_STDFIT) = sqrt(WSSR/ndf)    : 135425
variance of residuals (reduced chisquare) = WSSR/ndf   : 1.83399e+10

Final set of parameters            Asymptotic Standard Error
=======================            ==========================

c               = 2.43606e-06      +/- 1.046e-07    (4.292%)


correlation matrix of the fit parameters:

               c      
c               1.000 


*******************************************************************************
Sun Mar 24 16:39:17 2019


FIT:    data read from 'plot.txt' using 1:2
        format = x:z
        #datapoints = 10
        residuals are weighted equally (unit weight)

function used for fitting: g(x)
fitted parameters initialized with current variable values



 Iteration 0
 WSSR        : 1.00971e+13       delta(WSSR)/WSSR   : 0
 delta(WSSR) : 0                 limit for stopping : 1e-05
 lambda	  : 4.44793e+08

initial set of free parameter values

c               = 2.43606e-06

After 4 iterations the fit converged.
final sum of squares of residuals : 8.05111e+08
rel. change during last iteration : -1.33259e-14

degrees of freedom    (FIT_NDF)                        : 9
rms of residuals      (FIT_STDFIT) = sqrt(WSSR/ndf)    : 9458.16
variance of residuals (reduced chisquare) = WSSR/ndf   : 8.94568e+07

Final set of parameters            Asymptotic Standard Error
=======================            ==========================

c               = 0.00226147       +/- 6.724e-06    (0.2973%)


correlation matrix of the fit parameters:

               c      
c               1.000 


*******************************************************************************
Sun Mar 24 17:11:46 2019


FIT:    data read from 'plot.txt' using 1:2
        format = x:z
        #datapoints = 20
        residuals are weighted equally (unit weight)

function used for fitting: g(x)
fitted parameters initialized with current variable values



 Iteration 0
 WSSR        : 3.8093e+17        delta(WSSR)/WSSR   : 0
 delta(WSSR) : 0                 limit for stopping : 1e-05
 lambda	  : 1.38619e+08

initial set of free parameter values

c               = 1

After 4 iterations the fit converged.
final sum of squares of residuals : 6.36121e+08
rel. change during last iteration : -8.47818e-12

degrees of freedom    (FIT_NDF)                        : 19
rms of residuals      (FIT_STDFIT) = sqrt(WSSR/ndf)    : 5786.2
variance of residuals (reduced chisquare) = WSSR/ndf   : 3.34801e+07

Final set of parameters            Asymptotic Standard Error
=======================            ==========================

c               = 0.00440304       +/- 9.334e-06    (0.212%)


correlation matrix of the fit parameters:

               c      
c               1.000 


*******************************************************************************
Sun Mar 24 17:13:21 2019


FIT:    data read from 'plot.txt' using 1:2
        format = x:z
        #datapoints = 20
        residuals are weighted equally (unit weight)

function used for fitting: g(x)
fitted parameters initialized with current variable values



 Iteration 0
 WSSR        : 3.8093e+17        delta(WSSR)/WSSR   : 0
 delta(WSSR) : 0                 limit for stopping : 1e-05
 lambda	  : 1.38619e+08

initial set of free parameter values

c               = 1

After 4 iterations the fit converged.
final sum of squares of residuals : 6.36121e+08
rel. change during last iteration : -8.47818e-12

degrees of freedom    (FIT_NDF)                        : 19
rms of residuals      (FIT_STDFIT) = sqrt(WSSR/ndf)    : 5786.2
variance of residuals (reduced chisquare) = WSSR/ndf   : 3.34801e+07

Final set of parameters            Asymptotic Standard Error
=======================            ==========================

c               = 0.00440304       +/- 9.334e-06    (0.212%)


correlation matrix of the fit parameters:

               c      
c               1.000 


*******************************************************************************
Sun Mar 24 17:34:31 2019


FIT:    data read from 'plot.txt' using 1:2
        format = x:z
        #datapoints = 10
        residuals are weighted equally (unit weight)

function used for fitting: g(x)
fitted parameters initialized with current variable values



 Iteration 0
 WSSR        : 4.33946e+13       delta(WSSR)/WSSR   : 0
 delta(WSSR) : 0                 limit for stopping : 1e-05
 lambda	  : 1.86956e+07

initial set of free parameter values

c               = 0.00440304

After 3 iterations the fit converged.
final sum of squares of residuals : 7.83594e+10
rel. change during last iteration : -4.55939e-06

degrees of freedom    (FIT_NDF)                        : 9
rms of residuals      (FIT_STDFIT) = sqrt(WSSR/ndf)    : 93309.2
variance of residuals (reduced chisquare) = WSSR/ndf   : 8.7066e+09

Final set of parameters            Asymptotic Standard Error
=======================            ==========================

c               = 0.115726         +/- 0.001578     (1.364%)


correlation matrix of the fit parameters:

               c      
c               1.000 


*******************************************************************************
Sun Mar 24 17:36:31 2019


FIT:    data read from 'plot.txt' using 1:2
        format = x:z
        #datapoints = 5
        residuals are weighted equally (unit weight)

function used for fitting: g(x)
fitted parameters initialized with current variable values



 Iteration 0
 WSSR        : 5.90521e+07       delta(WSSR)/WSSR   : 0
 delta(WSSR) : 0                 limit for stopping : 1e-05
 lambda	  : 331662

initial set of free parameter values

c               = 0.115726

After 3 iterations the fit converged.
final sum of squares of residuals : 2.1971e+07
rel. change during last iteration : -1.86777e-07

degrees of freedom    (FIT_NDF)                        : 4
rms of residuals      (FIT_STDFIT) = sqrt(WSSR/ndf)    : 2343.66
variance of residuals (reduced chisquare) = WSSR/ndf   : 5.49275e+06

Final set of parameters            Asymptotic Standard Error
=======================            ==========================

c               = 0.107515         +/- 0.00316      (2.939%)


correlation matrix of the fit parameters:

               c      
c               1.000 


*******************************************************************************
Sun Mar 24 17:39:11 2019


FIT:    data read from 'plot.txt' using 1:2
        format = x:z
        #datapoints = 10
        residuals are weighted equally (unit weight)

function used for fitting: g(x)
fitted parameters initialized with current variable values



 Iteration 0
 WSSR        : 3.71477e+11       delta(WSSR)/WSSR   : 0
 delta(WSSR) : 0                 limit for stopping : 1e-05
 lambda	  : 1.86956e+07

initial set of free parameter values

c               = 0.107515

After 3 iterations the fit converged.
final sum of squares of residuals : 1.30312e+11
rel. change during last iteration : -1.52642e-08

degrees of freedom    (FIT_NDF)                        : 9
rms of residuals      (FIT_STDFIT) = sqrt(WSSR/ndf)    : 120329
variance of residuals (reduced chisquare) = WSSR/ndf   : 1.44791e+10

Final set of parameters            Asymptotic Standard Error
=======================            ==========================

c               = 0.115822         +/- 0.002035     (1.757%)


correlation matrix of the fit parameters:

               c      
c               1.000 


*******************************************************************************
Sun Mar 24 17:39:13 2019


FIT:    data read from 'plot.txt' using 1:2
        format = x:z
        #datapoints = 10
        residuals are weighted equally (unit weight)

function used for fitting: g(x)
fitted parameters initialized with current variable values



 Iteration 0
 WSSR        : 1.30312e+11       delta(WSSR)/WSSR   : 0
 delta(WSSR) : 0                 limit for stopping : 1e-05
 lambda	  : 1.86956e+07

initial set of free parameter values

c               = 0.115822

After 1 iterations the fit converged.
final sum of squares of residuals : 1.30312e+11
rel. change during last iteration : -1.17094e-16

degrees of freedom    (FIT_NDF)                        : 9
rms of residuals      (FIT_STDFIT) = sqrt(WSSR/ndf)    : 120329
variance of residuals (reduced chisquare) = WSSR/ndf   : 1.44791e+10

Final set of parameters            Asymptotic Standard Error
=======================            ==========================

c               = 0.115822         +/- 0.002035     (1.757%)


correlation matrix of the fit parameters:

               c      
c               1.000 


*******************************************************************************
Sun Mar 24 17:39:15 2019


FIT:    data read from 'plot.txt' using 1:2
        format = x:z
        #datapoints = 10
        residuals are weighted equally (unit weight)

function used for fitting: g(x)
fitted parameters initialized with current variable values



 Iteration 0
 WSSR        : 1.30312e+11       delta(WSSR)/WSSR   : 0
 delta(WSSR) : 0                 limit for stopping : 1e-05
 lambda	  : 1.86956e+07

initial set of free parameter values

c               = 0.115822

The maximum lambda = 1.000000e+20 was exceeded. Fit stopped.
final sum of squares of residuals : 1.30312e+11
rel. change during last iteration : 0

degrees of freedom    (FIT_NDF)                        : 9
rms of residuals      (FIT_STDFIT) = sqrt(WSSR/ndf)    : 120329
variance of residuals (reduced chisquare) = WSSR/ndf   : 1.44791e+10

Final set of parameters            Asymptotic Standard Error
=======================            ==========================

c               = 0.115822         +/- 0.002035     (1.757%)


correlation matrix of the fit parameters:

               c      
c               1.000 


*******************************************************************************
Sun Mar 24 17:39:52 2019


FIT:    data read from 'plot.txt' using 1:2
        format = x:z
        #datapoints = 10
        residuals are weighted equally (unit weight)

function used for fitting: g(x)
fitted parameters initialized with current variable values



 Iteration 0
 WSSR        : 6.13131e+10       delta(WSSR)/WSSR   : 0
 delta(WSSR) : 0                 limit for stopping : 1e-05
 lambda	  : 1.86956e+07

initial set of free parameter values

c               = 0.115822

After 3 iterations the fit converged.
final sum of squares of residuals : 6.07759e+10
rel. change during last iteration : -7.29018e-11

degrees of freedom    (FIT_NDF)                        : 9
rms of residuals      (FIT_STDFIT) = sqrt(WSSR/ndf)    : 82175.9
variance of residuals (reduced chisquare) = WSSR/ndf   : 6.75288e+09

Final set of parameters            Asymptotic Standard Error
=======================            ==========================

c               = 0.11543          +/- 0.00139      (1.204%)


correlation matrix of the fit parameters:

               c      
c               1.000 


*******************************************************************************
Sun Mar 24 18:07:57 2019


FIT:    data read from 'plot.txt' using 1:2
        format = x:z
        #datapoints = 10
        residuals are weighted equally (unit weight)

function used for fitting: g(x)
fitted parameters initialized with current variable values



 Iteration 0
 WSSR        : 5.12295e+10       delta(WSSR)/WSSR   : 0
 delta(WSSR) : 0                 limit for stopping : 1e-05
 lambda	  : 25.0654

initial set of free parameter values

c               = 0.11543

The maximum lambda = 1.000000e+20 was exceeded. Fit stopped.
final sum of squares of residuals : 2.18826e+07
rel. change during last iteration : 0

degrees of freedom    (FIT_NDF)                        : 9
rms of residuals      (FIT_STDFIT) = sqrt(WSSR/ndf)    : 1559.29
variance of residuals (reduced chisquare) = WSSR/ndf   : 2.4314e+06

Final set of parameters            Asymptotic Standard Error
=======================            ==========================

c               = 2855.03          +/- 19.67        (0.689%)


correlation matrix of the fit parameters:

               c      
c               1.000 


*******************************************************************************
Sun Mar 24 18:08:02 2019


FIT:    data read from 'plot.txt' using 1:2
        format = x:z
        #datapoints = 10
        residuals are weighted equally (unit weight)

function used for fitting: g(x)
fitted parameters initialized with current variable values



 Iteration 0
 WSSR        : 2.18826e+07       delta(WSSR)/WSSR   : 0
 delta(WSSR) : 0                 limit for stopping : 1e-05
 lambda	  : 25.0654

initial set of free parameter values

c               = 2855.03

The maximum lambda = 1.000000e+20 was exceeded. Fit stopped.
final sum of squares of residuals : 2.18826e+07
rel. change during last iteration : 0

degrees of freedom    (FIT_NDF)                        : 9
rms of residuals      (FIT_STDFIT) = sqrt(WSSR/ndf)    : 1559.29
variance of residuals (reduced chisquare) = WSSR/ndf   : 2.4314e+06

Final set of parameters            Asymptotic Standard Error
=======================            ==========================

c               = 2855.03          +/- 19.67        (0.689%)


correlation matrix of the fit parameters:

               c      
c               1.000 


*******************************************************************************
Sun Mar 24 18:31:41 2019


FIT:    data read from 'plot.txt' using 1:2
        format = x:z
        #datapoints = 10
        residuals are weighted equally (unit weight)

function used for fitting: g(x)
fitted parameters initialized with current variable values



 Iteration 0
 WSSR        : 1.10052e+13       delta(WSSR)/WSSR   : 0
 delta(WSSR) : 0                 limit for stopping : 1e-05
 lambda	  : 373.912

initial set of free parameter values

c               = 2855.03

After 4 iterations the fit converged.
final sum of squares of residuals : 7.56006e+08
rel. change during last iteration : -1.19839e-14

degrees of freedom    (FIT_NDF)                        : 9
rms of residuals      (FIT_STDFIT) = sqrt(WSSR/ndf)    : 9165.19
variance of residuals (reduced chisquare) = WSSR/ndf   : 8.40006e+07

Final set of parameters            Asymptotic Standard Error
=======================            ==========================

c               = 49.4997          +/- 7.751        (15.66%)


correlation matrix of the fit parameters:

               c      
c               1.000 


*******************************************************************************
Sun Mar 24 18:35:28 2019


FIT:    data read from 'plot.txt' using 1:2
        format = x:z
        #datapoints = 10
        residuals are weighted equally (unit weight)

function used for fitting: gamma(x + 1)
fitted parameters initialized with current variable values



 Iteration 0
 WSSR        : 1.2834e+13        delta(WSSR)/WSSR   : 0
 delta(WSSR) : 0                 limit for stopping : 1e-05
 lambda	  : 0

initial set of free parameter values

c               = 49.4997
BREAK:          Singular matrix in Givens()



*******************************************************************************
Sun Mar 24 18:35:52 2019


FIT:    data read from 'plot.txt' using 1:2
        format = x:z
        #datapoints = 10
        residuals are weighted equally (unit weight)

function used for fitting: gamma(x + 1)
fitted parameters initialized with current variable values



 Iteration 0
 WSSR        : 1.2834e+13        delta(WSSR)/WSSR   : 0
 delta(WSSR) : 0                 limit for stopping : 1e-05
 lambda	  : 0

initial set of free parameter values

c               = 49.5492
BREAK:          Singular matrix in Givens()



*******************************************************************************
Sun Mar 24 18:36:09 2019


FIT:    data read from 'plot.txt' using 1:2
        format = x:z
        #datapoints = 10
        residuals are weighted equally (unit weight)

function used for fitting: fac(x)
fitted parameters initialized with current variable values



 Iteration 0
 WSSR        : 1.2834e+13        delta(WSSR)/WSSR   : 0
 delta(WSSR) : 0                 limit for stopping : 1e-05
 lambda	  : 0

initial set of free parameter values

c               = 49.5987
BREAK:          Singular matrix in Givens()



*******************************************************************************
Sun Mar 24 18:36:17 2019


FIT:    data read from 'plot.txt' using 1:2
        format = x:z
        #datapoints = 10
        residuals are weighted equally (unit weight)

function used for fitting: gamma(x + 1)


*******************************************************************************
Sun Mar 24 18:36:21 2019


FIT:    data read from 'plot.txt' using 1:2
        format = x:z
        #datapoints = 10
        residuals are weighted equally (unit weight)

function used for fitting: gamma(x + 1)
fitted parameters initialized with current variable values



 Iteration 0
 WSSR        : 1.2834e+13        delta(WSSR)/WSSR   : 0
 delta(WSSR) : 0                 limit for stopping : 1e-05
 lambda	  : 0

initial set of free parameter values

x               = 1
BREAK:          Singular matrix in Givens()



*******************************************************************************
Sun Mar 24 18:37:03 2019


FIT:    data read from 'plot.txt' using 1:2
        format = x:z
        #datapoints = 10
        residuals are weighted equally (unit weight)

function used for fitting: g(x)
fitted parameters initialized with current variable values



 Iteration 0
 WSSR        : 3.27642e+16       delta(WSSR)/WSSR   : 0
 delta(WSSR) : 0                 limit for stopping : 1e-05
 lambda	  : 1.15332e+06

initial set of free parameter values

c               = 49.6483

After 4 iterations the fit converged.
final sum of squares of residuals : 125907
rel. change during last iteration : -2.14628e-07

degrees of freedom    (FIT_NDF)                        : 9
rms of residuals      (FIT_STDFIT) = sqrt(WSSR/ndf)    : 118.278
variance of residuals (reduced chisquare) = WSSR/ndf   : 13989.7

Final set of parameters            Asymptotic Standard Error
=======================            ==========================

c               = 0.0177303        +/- 3.243e-05    (0.1829%)


correlation matrix of the fit parameters:

               c      
c               1.000 


*******************************************************************************
Sun Mar 24 19:21:34 2019


FIT:    data read from 'plot.txt' using 1:2
        format = x:z
        #datapoints = 10
        residuals are weighted equally (unit weight)

function used for fitting: g(x)
fitted parameters initialized with current variable values



 Iteration 0
 WSSR        : 6.49879e+10       delta(WSSR)/WSSR   : 0
 delta(WSSR) : 0                 limit for stopping : 1e-05
 lambda	  : 620484

initial set of free parameter values

c               = 0.0177303

After 3 iterations the fit converged.
final sum of squares of residuals : 1.26246e+08
rel. change during last iteration : -4.23758e-06

degrees of freedom    (FIT_NDF)                        : 9
rms of residuals      (FIT_STDFIT) = sqrt(WSSR/ndf)    : 3745.3
variance of residuals (reduced chisquare) = WSSR/ndf   : 1.40273e+07

Final set of parameters            Asymptotic Standard Error
=======================            ==========================

c               = 0.147527         +/- 0.001909     (1.294%)


correlation matrix of the fit parameters:

               c      
c               1.000 


*******************************************************************************
Sun Mar 24 19:25:45 2019


FIT:    data read from 'plot.txt' using 1:2
        format = x:z
        #datapoints = 10
        residuals are weighted equally (unit weight)

function used for fitting: g(x)
fitted parameters initialized with current variable values



 Iteration 0
 WSSR        : 3.73046e+10       delta(WSSR)/WSSR   : 0
 delta(WSSR) : 0                 limit for stopping : 1e-05
 lambda	  : 620484

initial set of free parameter values

c               = 0.147527

After 3 iterations the fit converged.
final sum of squares of residuals : 2.58553e+08
rel. change during last iteration : -1.18178e-06

degrees of freedom    (FIT_NDF)                        : 9
rms of residuals      (FIT_STDFIT) = sqrt(WSSR/ndf)    : 5359.87
variance of residuals (reduced chisquare) = WSSR/ndf   : 2.87282e+07

Final set of parameters            Asymptotic Standard Error
=======================            ==========================

c               = 0.0494335        +/- 0.002732     (5.526%)


correlation matrix of the fit parameters:

               c      
c               1.000 


*******************************************************************************
Sun Mar 24 19:34:33 2019


FIT:    data read from 'plot.txt' using 1:2
        format = x:z
        #datapoints = 7
        residuals are weighted equally (unit weight)

function used for fitting: g(x)
fitted parameters initialized with current variable values



 Iteration 0
 WSSR        : 4.33154e+09       delta(WSSR)/WSSR   : 0
 delta(WSSR) : 0                 limit for stopping : 1e-05
 lambda	  : 3.79869e+06

initial set of free parameter values

c               = 0.0494335

After 3 iterations the fit converged.
final sum of squares of residuals : 3.68106e+07
rel. change during last iteration : -3.70976e-06

degrees of freedom    (FIT_NDF)                        : 6
rms of residuals      (FIT_STDFIT) = sqrt(WSSR/ndf)    : 2476.91
variance of residuals (reduced chisquare) = WSSR/ndf   : 6.13511e+06

Final set of parameters            Asymptotic Standard Error
=======================            ==========================

c               = 0.0429129        +/- 0.0002464    (0.5743%)


correlation matrix of the fit parameters:

               c      
c               1.000 


*******************************************************************************
Sun Mar 24 21:08:15 2019


FIT:    data read from 'plot.txt' using 1:2
        format = x:z
        #datapoints = 7
        residuals are weighted equally (unit weight)

function used for fitting: g(x)
fitted parameters initialized with current variable values



 Iteration 0
 WSSR        : 2.09409e+12       delta(WSSR)/WSSR   : 0
 delta(WSSR) : 0                 limit for stopping : 1e-05
 lambda	  : 3.79869e+06

initial set of free parameter values

c               = 0.0429129

After 4 iterations the fit converged.
final sum of squares of residuals : 8.84994e+08
rel. change during last iteration : -1.4413e-14

degrees of freedom    (FIT_NDF)                        : 6
rms of residuals      (FIT_STDFIT) = sqrt(WSSR/ndf)    : 12144.9
variance of residuals (reduced chisquare) = WSSR/ndf   : 1.47499e+08

Final set of parameters            Asymptotic Standard Error
=======================            ==========================

c               = 0.186867         +/- 0.001208     (0.6467%)


correlation matrix of the fit parameters:

               c      
c               1.000 


*******************************************************************************
Mon Mar 25 00:17:01 2019


FIT:    data read from 'plot.txt' using 1:2
        format = x:z
        #datapoints = 20
        residuals are weighted equally (unit weight)

function used for fitting: g(x)
fitted parameters initialized with current variable values



*******************************************************************************
Mon Mar 25 00:17:18 2019


FIT:    data read from 'plot.txt' using 1:2
        format = x:z
        #datapoints = 20
        residuals are weighted equally (unit weight)

function used for fitting: g(x)
fitted parameters initialized with current variable values



 Iteration 0
 WSSR        : 8.96866e+12       delta(WSSR)/WSSR   : 0
 delta(WSSR) : 0                 limit for stopping : 1e-05
 lambda	  : 115001

initial set of free parameter values

c               = 0.186867

After 3 iterations the fit converged.
final sum of squares of residuals : 5.10983e+11
rel. change during last iteration : -9.37372e-09

degrees of freedom    (FIT_NDF)                        : 19
rms of residuals      (FIT_STDFIT) = sqrt(WSSR/ndf)    : 163993
variance of residuals (reduced chisquare) = WSSR/ndf   : 2.68938e+10

Final set of parameters            Asymptotic Standard Error
=======================            ==========================

c               = 5.84154          +/- 0.3189       (5.459%)


correlation matrix of the fit parameters:

               c      
c               1.000 


*******************************************************************************
Mon Mar 25 00:18:29 2019


FIT:    data read from 'plot.txt' using 1:2
        format = x:z
        #datapoints = 5
        residuals are weighted equally (unit weight)

function used for fitting: g(x)
fitted parameters initialized with current variable values



 Iteration 0
 WSSR        : 3.76141e+10       delta(WSSR)/WSSR   : 0
 delta(WSSR) : 0                 limit for stopping : 1e-05
 lambda	  : 19852.6

initial set of free parameter values

c               = 5.84154

After 4 iterations the fit converged.
final sum of squares of residuals : 3.33558e+08
rel. change during last iteration : -4.82473e-15

degrees of freedom    (FIT_NDF)                        : 4
rms of residuals      (FIT_STDFIT) = sqrt(WSSR/ndf)    : 9131.78
variance of residuals (reduced chisquare) = WSSR/ndf   : 8.33894e+07

Final set of parameters            Asymptotic Standard Error
=======================            ==========================

c               = 1.49204          +/- 0.2057       (13.79%)


correlation matrix of the fit parameters:

               c      
c               1.000 


*******************************************************************************
Mon Mar 25 00:19:27 2019


FIT:    data read from 'plot.txt' using 1:2
        format = x:z
        #datapoints = 5
        residuals are weighted equally (unit weight)

function used for fitting: g(x)
fitted parameters initialized with current variable values



 Iteration 0
 WSSR        : 5.35261e+16       delta(WSSR)/WSSR   : 0
 delta(WSSR) : 0                 limit for stopping : 1e-05
 lambda	  : 6.93661e+07

initial set of free parameter values

c               = 1.49204

After 4 iterations the fit converged.
final sum of squares of residuals : 1.11397e+07
rel. change during last iteration : -2.12695e-07

degrees of freedom    (FIT_NDF)                        : 4
rms of residuals      (FIT_STDFIT) = sqrt(WSSR/ndf)    : 1668.81
variance of residuals (reduced chisquare) = WSSR/ndf   : 2.78492e+06

Final set of parameters            Asymptotic Standard Error
=======================            ==========================

c               = 0.000442434      +/- 1.076e-05    (2.432%)


correlation matrix of the fit parameters:

               c      
c               1.000 


*******************************************************************************
Mon Mar 25 00:19:42 2019


FIT:    data read from 'plot.txt' using 1:2
        format = x:z
        #datapoints = 5
        residuals are weighted equally (unit weight)

function used for fitting: g(x)
fitted parameters initialized with current variable values



 Iteration 0
 WSSR        : 3.64306e+09       delta(WSSR)/WSSR   : 0
 delta(WSSR) : 0                 limit for stopping : 1e-05
 lambda	  : 8.46189e+06

initial set of free parameter values

c               = 0.000442434

After 4 iterations the fit converged.
final sum of squares of residuals : 2.31088e+07
rel. change during last iteration : -8.54396e-15

degrees of freedom    (FIT_NDF)                        : 4
rms of residuals      (FIT_STDFIT) = sqrt(WSSR/ndf)    : 2403.58
variance of residuals (reduced chisquare) = WSSR/ndf   : 5.77719e+06

Final set of parameters            Asymptotic Standard Error
=======================            ==========================

c               = 0.00362223       +/- 0.000127     (3.507%)


correlation matrix of the fit parameters:

               c      
c               1.000 


*******************************************************************************
Mon Mar 25 00:19:53 2019


FIT:    data read from 'plot.txt' using 1:2
        format = x:z
        #datapoints = 5
        residuals are weighted equally (unit weight)

function used for fitting: g(x)
fitted parameters initialized with current variable values



 Iteration 0
 WSSR        : 4.43147e+18       delta(WSSR)/WSSR   : 0
 delta(WSSR) : 0                 limit for stopping : 1e-05
 lambda	  : 2.59912e+11

initial set of free parameter values

c               = 0.00362223

After 4 iterations the fit converged.
final sum of squares of residuals : 4.83424e+07
rel. change during last iteration : -4.05774e-06

degrees of freedom    (FIT_NDF)                        : 4
rms of residuals      (FIT_STDFIT) = sqrt(WSSR/ndf)    : 3476.43
variance of residuals (reduced chisquare) = WSSR/ndf   : 1.20856e+07

Final set of parameters            Asymptotic Standard Error
=======================            ==========================

c               = 1.17611e-07      +/- 5.982e-09    (5.086%)


correlation matrix of the fit parameters:

               c      
c               1.000 


*******************************************************************************
Mon Mar 25 00:19:58 2019


FIT:    data read from 'plot.txt' using 1:2
        format = x:z
        #datapoints = 5
        residuals are weighted equally (unit weight)

function used for fitting: g(x)
fitted parameters initialized with current variable values



 Iteration 0
 WSSR        : 4.7205e+09        delta(WSSR)/WSSR   : 0
 delta(WSSR) : 0                 limit for stopping : 1e-05
 lambda	  : 19852.6

initial set of free parameter values

c               = 1.17611e-07

After 3 iterations the fit converged.
final sum of squares of residuals : 3.33558e+08
rel. change during last iteration : -1.4555e-06

degrees of freedom    (FIT_NDF)                        : 4
rms of residuals      (FIT_STDFIT) = sqrt(WSSR/ndf)    : 9131.78
variance of residuals (reduced chisquare) = WSSR/ndf   : 8.33894e+07

Final set of parameters            Asymptotic Standard Error
=======================            ==========================

c               = 1.49204          +/- 0.2057       (13.79%)


correlation matrix of the fit parameters:

               c      
c               1.000 


*******************************************************************************
Mon Mar 25 00:20:04 2019


FIT:    data read from 'plot.txt' using 1:2
        format = x:z
        #datapoints = 5
        residuals are weighted equally (unit weight)

function used for fitting: g(x)
fitted parameters initialized with current variable values



 Iteration 0
 WSSR        : 5.35261e+16       delta(WSSR)/WSSR   : 0
 delta(WSSR) : 0                 limit for stopping : 1e-05
 lambda	  : 6.93661e+07

initial set of free parameter values

c               = 1.49204

After 4 iterations the fit converged.
final sum of squares of residuals : 1.11397e+07
rel. change during last iteration : -2.12695e-07

degrees of freedom    (FIT_NDF)                        : 4
rms of residuals      (FIT_STDFIT) = sqrt(WSSR/ndf)    : 1668.81
variance of residuals (reduced chisquare) = WSSR/ndf   : 2.78492e+06

Final set of parameters            Asymptotic Standard Error
=======================            ==========================

c               = 0.000442434      +/- 1.076e-05    (2.432%)


correlation matrix of the fit parameters:

               c      
c               1.000 


*******************************************************************************
Mon Mar 25 00:20:11 2019


FIT:    data read from 'plot.txt' using 1:2
        format = x:z
        #datapoints = 5
        residuals are weighted equally (unit weight)

function used for fitting: g(x)
fitted parameters initialized with current variable values



 Iteration 0
 WSSR        : 1.11397e+07       delta(WSSR)/WSSR   : 0
 delta(WSSR) : 0                 limit for stopping : 1e-05
 lambda	  : 6.93661e+07

initial set of free parameter values

c               = 0.000442434

After 1 iterations the fit converged.
final sum of squares of residuals : 1.11397e+07
rel. change during last iteration : -1.17046e-15

degrees of freedom    (FIT_NDF)                        : 4
rms of residuals      (FIT_STDFIT) = sqrt(WSSR/ndf)    : 1668.81
variance of residuals (reduced chisquare) = WSSR/ndf   : 2.78492e+06

Final set of parameters            Asymptotic Standard Error
=======================            ==========================

c               = 0.000442434      +/- 1.076e-05    (2.432%)


correlation matrix of the fit parameters:

               c      
c               1.000 


*******************************************************************************
Mon Mar 25 00:20:34 2019


FIT:    data read from 'plot.txt' using 1:2
        format = x:z
        #datapoints = 5
        residuals are weighted equally (unit weight)

function used for fitting: g(x)
fitted parameters initialized with current variable values



 Iteration 0
 WSSR        : 3.64306e+09       delta(WSSR)/WSSR   : 0
 delta(WSSR) : 0                 limit for stopping : 1e-05
 lambda	  : 8.46189e+06

initial set of free parameter values

c               = 0.000442434

After 4 iterations the fit converged.
final sum of squares of residuals : 2.31088e+07
rel. change during last iteration : -6.44827e-15

degrees of freedom    (FIT_NDF)                        : 4
rms of residuals      (FIT_STDFIT) = sqrt(WSSR/ndf)    : 2403.58
variance of residuals (reduced chisquare) = WSSR/ndf   : 5.77719e+06

Final set of parameters            Asymptotic Standard Error
=======================            ==========================

c               = 0.00362223       +/- 0.000127     (3.507%)


correlation matrix of the fit parameters:

               c      
c               1.000 


*******************************************************************************
Mon Mar 25 00:20:42 2019


FIT:    data read from 'plot.txt' using 1:2
        format = x:z
        #datapoints = 5
        residuals are weighted equally (unit weight)

function used for fitting: g(x)
fitted parameters initialized with current variable values



 Iteration 0
 WSSR        : 6.51549e+16       delta(WSSR)/WSSR   : 0
 delta(WSSR) : 0                 limit for stopping : 1e-05
 lambda	  : 3.15231e+10

initial set of free parameter values

c               = 0.00362223

After 4 iterations the fit converged.
final sum of squares of residuals : 3.51685e+07
rel. change during last iteration : -8.20084e-08

degrees of freedom    (FIT_NDF)                        : 4
rms of residuals      (FIT_STDFIT) = sqrt(WSSR/ndf)    : 2965.15
variance of residuals (reduced chisquare) = WSSR/ndf   : 8.79212e+06

Final set of parameters            Asymptotic Standard Error
=======================            ==========================

c               = 9.71082e-07      +/- 4.207e-08    (4.332%)


correlation matrix of the fit parameters:

               c      
c               1.000 


*******************************************************************************
Mon Mar 25 00:22:45 2019


FIT:    data read from 'plot.txt' using 1:2
        format = x:z
        #datapoints = 5
        residuals are weighted equally (unit weight)

function used for fitting: g(x)
fitted parameters initialized with current variable values



 Iteration 0
 WSSR        : 4.72049e+09       delta(WSSR)/WSSR   : 0
 delta(WSSR) : 0                 limit for stopping : 1e-05
 lambda	  : 19852.6

initial set of free parameter values

c               = 9.71082e-07

After 3 iterations the fit converged.
final sum of squares of residuals : 3.33558e+08
rel. change during last iteration : -1.4555e-06

degrees of freedom    (FIT_NDF)                        : 4
rms of residuals      (FIT_STDFIT) = sqrt(WSSR/ndf)    : 9131.78
variance of residuals (reduced chisquare) = WSSR/ndf   : 8.33894e+07

Final set of parameters            Asymptotic Standard Error
=======================            ==========================

c               = 1.49204          +/- 0.2057       (13.79%)


correlation matrix of the fit parameters:

               c      
c               1.000 


*******************************************************************************
Mon Mar 25 00:22:52 2019


FIT:    data read from 'plot.txt' using 1:2
        format = x:z
        #datapoints = 5
        residuals are weighted equally (unit weight)

function used for fitting: g(x)
fitted parameters initialized with current variable values



 Iteration 0
 WSSR        : 5.35261e+16       delta(WSSR)/WSSR   : 0
 delta(WSSR) : 0                 limit for stopping : 1e-05
 lambda	  : 6.93661e+07

initial set of free parameter values

c               = 1.49204

After 4 iterations the fit converged.
final sum of squares of residuals : 1.11397e+07
rel. change during last iteration : -2.12695e-07

degrees of freedom    (FIT_NDF)                        : 4
rms of residuals      (FIT_STDFIT) = sqrt(WSSR/ndf)    : 1668.81
variance of residuals (reduced chisquare) = WSSR/ndf   : 2.78492e+06

Final set of parameters            Asymptotic Standard Error
=======================            ==========================

c               = 0.000442434      +/- 1.076e-05    (2.432%)


correlation matrix of the fit parameters:

               c      
c               1.000 


*******************************************************************************
Mon Mar 25 00:23:48 2019


FIT:    data read from 'plot.txt' using 1:2
        format = x:z
        #datapoints = 6
        residuals are weighted equally (unit weight)

function used for fitting: g(x)
fitted parameters initialized with current variable values



 Iteration 0
 WSSR        : 2.03409e+07       delta(WSSR)/WSSR   : 0
 delta(WSSR) : 0                 limit for stopping : 1e-05
 lambda	  : 1.07845e+08

initial set of free parameter values

c               = 0.000442434

After 3 iterations the fit converged.
final sum of squares of residuals : 9.10054e+06
rel. change during last iteration : -6.97862e-08

degrees of freedom    (FIT_NDF)                        : 5
rms of residuals      (FIT_STDFIT) = sqrt(WSSR/ndf)    : 1349.11
variance of residuals (reduced chisquare) = WSSR/ndf   : 1.82011e+06

Final set of parameters            Asymptotic Standard Error
=======================            ==========================

c               = 0.000455126      +/- 5.107e-06    (1.122%)


correlation matrix of the fit parameters:

               c      
c               1.000 


*******************************************************************************
Mon Mar 25 00:23:58 2019


FIT:    data read from 'plot.txt' using 1:2
        format = x:z
        #datapoints = 6
        residuals are weighted equally (unit weight)

function used for fitting: g(x)
fitted parameters initialized with current variable values



 Iteration 0
 WSSR        : 1.44573e+10       delta(WSSR)/WSSR   : 0
 delta(WSSR) : 0                 limit for stopping : 1e-05
 lambda	  : 25140.6

initial set of free parameter values

c               = 0.000455126

After 3 iterations the fit converged.
final sum of squares of residuals : 8.9816e+08
rel. change during last iteration : -8.5297e-07

degrees of freedom    (FIT_NDF)                        : 5
rms of residuals      (FIT_STDFIT) = sqrt(WSSR/ndf)    : 13402.7
variance of residuals (reduced chisquare) = WSSR/ndf   : 1.79632e+08

Final set of parameters            Asymptotic Standard Error
=======================            ==========================

c               = 1.89134          +/- 0.2176       (11.51%)


correlation matrix of the fit parameters:

               c      
c               1.000 


*******************************************************************************
Mon Mar 25 00:24:04 2019


FIT:    data read from 'plot.txt' using 1:2
        format = x:z
        #datapoints = 6
        residuals are weighted equally (unit weight)

function used for fitting: g(x)
fitted parameters initialized with current variable values



 Iteration 0
 WSSR        : 2.49504e+17       delta(WSSR)/WSSR   : 0
 delta(WSSR) : 0                 limit for stopping : 1e-05
 lambda	  : 1.07845e+08

initial set of free parameter values

c               = 1.89134

After 4 iterations the fit converged.
final sum of squares of residuals : 9.10054e+06
rel. change during last iteration : -4.30276e-07

degrees of freedom    (FIT_NDF)                        : 5
rms of residuals      (FIT_STDFIT) = sqrt(WSSR/ndf)    : 1349.11
variance of residuals (reduced chisquare) = WSSR/ndf   : 1.82011e+06

Final set of parameters            Asymptotic Standard Error
=======================            ==========================

c               = 0.000455126      +/- 5.107e-06    (1.122%)


correlation matrix of the fit parameters:

               c      
c               1.000 


*******************************************************************************
Mon Mar 25 00:24:46 2019


FIT:    data read from 'plot.txt' using 1:2
        format = x:z
        #datapoints = 7
        residuals are weighted equally (unit weight)

function used for fitting: g(x)
fitted parameters initialized with current variable values



 Iteration 0
 WSSR        : 4.71316e+08       delta(WSSR)/WSSR   : 0
 delta(WSSR) : 0                 limit for stopping : 1e-05
 lambda	  : 1.55177e+08

initial set of free parameter values

c               = 0.000455126

After 3 iterations the fit converged.
final sum of squares of residuals : 8.84589e+07
rel. change during last iteration : -1.37619e-07

degrees of freedom    (FIT_NDF)                        : 6
rms of residuals      (FIT_STDFIT) = sqrt(WSSR/ndf)    : 3839.68
variance of residuals (reduced chisquare) = WSSR/ndf   : 1.47431e+07

Final set of parameters            Asymptotic Standard Error
=======================            ==========================

c               = 0.000407467      +/- 9.352e-06    (2.295%)


correlation matrix of the fit parameters:

               c      
c               1.000 


*******************************************************************************
Mon Mar 25 00:26:03 2019


FIT:    data read from 'plot.txt' using 1:2
        format = x:z
        #datapoints = 10
        residuals are weighted equally (unit weight)

function used for fitting: g(x)
fitted parameters initialized with current variable values



 Iteration 0
 WSSR        : 1.10249e+09       delta(WSSR)/WSSR   : 0
 delta(WSSR) : 0                 limit for stopping : 1e-05
 lambda	  : 3.51704e+08

initial set of free parameter values

c               = 0.000407467

After 3 iterations the fit converged.
final sum of squares of residuals : 2.40524e+08
rel. change during last iteration : -2.95582e-08

degrees of freedom    (FIT_NDF)                        : 9
rms of residuals      (FIT_STDFIT) = sqrt(WSSR/ndf)    : 5169.61
variance of residuals (reduced chisquare) = WSSR/ndf   : 2.67248e+07

Final set of parameters            Asymptotic Standard Error
=======================            ==========================

c               = 0.000381069      +/- 4.648e-06    (1.22%)


correlation matrix of the fit parameters:

               c      
c               1.000 


*******************************************************************************
Mon Mar 25 00:26:33 2019


FIT:    data read from 'plot.txt' using 1:2
        format = x:z
        #datapoints = 10
        residuals are weighted equally (unit weight)

function used for fitting: g(x)
fitted parameters initialized with current variable values



 Iteration 0
 WSSR        : 2.40524e+08       delta(WSSR)/WSSR   : 0
 delta(WSSR) : 0                 limit for stopping : 1e-05
 lambda	  : 3.51704e+08

initial set of free parameter values

c               = 0.000381069

After 1 iterations the fit converged.
final sum of squares of residuals : 2.40524e+08
rel. change during last iteration : -1.48687e-15

degrees of freedom    (FIT_NDF)                        : 9
rms of residuals      (FIT_STDFIT) = sqrt(WSSR/ndf)    : 5169.61
variance of residuals (reduced chisquare) = WSSR/ndf   : 2.67248e+07

Final set of parameters            Asymptotic Standard Error
=======================            ==========================

c               = 0.000381069      +/- 4.648e-06    (1.22%)


correlation matrix of the fit parameters:

               c      
c               1.000 


*******************************************************************************
Mon Mar 25 00:35:19 2019


FIT:    data read from 'plot.txt' using 1:2
        format = x:z
        #datapoints = 20
        residuals are weighted equally (unit weight)

function used for fitting: g(x)
fitted parameters initialized with current variable values



 Iteration 0
 WSSR        : 1.62544e+12       delta(WSSR)/WSSR   : 0
 delta(WSSR) : 0                 limit for stopping : 1e-05
 lambda	  : 1.62567e+09

initial set of free parameter values

c               = 0.000381069

After 3 iterations the fit converged.
final sum of squares of residuals : 5.02417e+09
rel. change during last iteration : -1.82654e-07

degrees of freedom    (FIT_NDF)                        : 19
rms of residuals      (FIT_STDFIT) = sqrt(WSSR/ndf)    : 16261.3
variance of residuals (reduced chisquare) = WSSR/ndf   : 2.6443e+08

Final set of parameters            Asymptotic Standard Error
=======================            ==========================

c               = 0.000205977      +/- 2.237e-06    (1.086%)


correlation matrix of the fit parameters:

               c      
c               1.000 


*******************************************************************************
Mon Mar 25 00:35:37 2019


FIT:    data read from 'plot.txt' using 1:2
        format = x:z
        #datapoints = 20
        residuals are weighted equally (unit weight)

function used for fitting: g(x)
fitted parameters initialized with current variable values



 Iteration 0
 WSSR        : 2.24723e+12       delta(WSSR)/WSSR   : 0
 delta(WSSR) : 0                 limit for stopping : 1e-05
 lambda	  : 106218

initial set of free parameter values

c               = 0.000205977

After 3 iterations the fit converged.
final sum of squares of residuals : 8.5869e+10
rel. change during last iteration : -1.42547e-08

degrees of freedom    (FIT_NDF)                        : 19
rms of residuals      (FIT_STDFIT) = sqrt(WSSR/ndf)    : 67226.6
variance of residuals (reduced chisquare) = WSSR/ndf   : 4.51942e+09

Final set of parameters            Asymptotic Standard Error
=======================            ==========================

c               = 3.09513          +/- 0.1415       (4.572%)


correlation matrix of the fit parameters:

               c      
c               1.000 


*******************************************************************************
Mon Mar 25 00:35:41 2019


FIT:    data read from 'plot.txt' using 1:2
        format = x:z
        #datapoints = 20
        residuals are weighted equally (unit weight)

function used for fitting: g(x)
fitted parameters initialized with current variable values



 Iteration 0
 WSSR        : 5.06282e+20       delta(WSSR)/WSSR   : 0
 delta(WSSR) : 0                 limit for stopping : 1e-05
 lambda	  : 1.62567e+09

initial set of free parameter values

c               = 3.09513

After 4 iterations the fit converged.
final sum of squares of residuals : 5.02417e+09
rel. change during last iteration : -1.42669e-09

degrees of freedom    (FIT_NDF)                        : 19
rms of residuals      (FIT_STDFIT) = sqrt(WSSR/ndf)    : 16261.3
variance of residuals (reduced chisquare) = WSSR/ndf   : 2.6443e+08

Final set of parameters            Asymptotic Standard Error
=======================            ==========================

c               = 0.000205977      +/- 2.237e-06    (1.086%)


correlation matrix of the fit parameters:

               c      
c               1.000 


*******************************************************************************
Mon Mar 25 00:35:47 2019


FIT:    data read from 'plot.txt' using 1:2
        format = x:z
        #datapoints = 20
        residuals are weighted equally (unit weight)

function used for fitting: g(x)
fitted parameters initialized with current variable values



 Iteration 0
 WSSR        : 6.1518e+20        delta(WSSR)/WSSR   : 0
 delta(WSSR) : 0                 limit for stopping : 1e-05
 lambda	  : 2.69273e+13

initial set of free parameter values

c               = 0.000205977

After 4 iterations the fit converged.
final sum of squares of residuals : 9.25908e+10
rel. change during last iteration : -9.40667e-11

degrees of freedom    (FIT_NDF)                        : 19
rms of residuals      (FIT_STDFIT) = sqrt(WSSR/ndf)    : 69808.3
variance of residuals (reduced chisquare) = WSSR/ndf   : 4.8732e+09

Final set of parameters            Asymptotic Standard Error
=======================            ==========================

c               = 1.21901e-08      +/- 5.797e-10    (4.755%)


correlation matrix of the fit parameters:

               c      
c               1.000 


*******************************************************************************
Mon Mar 25 00:35:51 2019


FIT:    data read from 'plot.txt' using 1:2
        format = x:z
        #datapoints = 20
        residuals are weighted equally (unit weight)

function used for fitting: g(x)
fitted parameters initialized with current variable values



 Iteration 0
 WSSR        : 2.24725e+12       delta(WSSR)/WSSR   : 0
 delta(WSSR) : 0                 limit for stopping : 1e-05
 lambda	  : 1.62567e+09

initial set of free parameter values

c               = 1.21901e-08

After 3 iterations the fit converged.
final sum of squares of residuals : 5.02417e+09
rel. change during last iteration : -2.52745e-07

degrees of freedom    (FIT_NDF)                        : 19
rms of residuals      (FIT_STDFIT) = sqrt(WSSR/ndf)    : 16261.3
variance of residuals (reduced chisquare) = WSSR/ndf   : 2.6443e+08

Final set of parameters            Asymptotic Standard Error
=======================            ==========================

c               = 0.000205977      +/- 2.237e-06    (1.086%)


correlation matrix of the fit parameters:

               c      
c               1.000 


*******************************************************************************
Mon Mar 25 00:43:36 2019


FIT:    data read from 'plot.txt' using 1:2
        format = x:z
        #datapoints = 1000
        residuals are weighted equally (unit weight)

function used for fitting: g(x)
fitted parameters initialized with current variable values



 Iteration 0
 WSSR        : 5.37106e+09       delta(WSSR)/WSSR   : 0
 delta(WSSR) : 0                 limit for stopping : 1e-05
 lambda	  : 576926

initial set of free parameter values

c               = 0.000205977

After 2 iterations the fit converged.
final sum of squares of residuals : 8.67934e+08
rel. change during last iteration : -5.17797e-06

degrees of freedom    (FIT_NDF)                        : 999
rms of residuals      (FIT_STDFIT) = sqrt(WSSR/ndf)    : 932.096
variance of residuals (reduced chisquare) = WSSR/ndf   : 868803

Final set of parameters            Asymptotic Standard Error
=======================            ==========================

c               = 0.00388419       +/- 5.109e-05    (1.315%)


correlation matrix of the fit parameters:

               c      
c               1.000 


*******************************************************************************
Mon Mar 25 00:43:38 2019


FIT:    data read from 'plot.txt' using 1:2
        format = x:z
        #datapoints = 1000
        residuals are weighted equally (unit weight)

function used for fitting: g(x)
fitted parameters initialized with current variable values



 Iteration 0
 WSSR        : 8.67934e+08       delta(WSSR)/WSSR   : 0
 delta(WSSR) : 0                 limit for stopping : 1e-05
 lambda	  : 576926

initial set of free parameter values

c               = 0.00388419

After 1 iterations the fit converged.
final sum of squares of residuals : 8.67934e+08
rel. change during last iteration : -1.37348e-16

degrees of freedom    (FIT_NDF)                        : 999
rms of residuals      (FIT_STDFIT) = sqrt(WSSR/ndf)    : 932.096
variance of residuals (reduced chisquare) = WSSR/ndf   : 868803

Final set of parameters            Asymptotic Standard Error
=======================            ==========================

c               = 0.00388419       +/- 5.109e-05    (1.315%)


correlation matrix of the fit parameters:

               c      
c               1.000 


*******************************************************************************
Mon Mar 25 00:44:11 2019


FIT:    data read from 'plot.txt' using 1:2
        format = x:z
        #datapoints = 1000
        residuals are weighted equally (unit weight)

function used for fitting: g(x)
fitted parameters initialized with current variable values



 Iteration 0
 WSSR        : 5.88951e+09       delta(WSSR)/WSSR   : 0
 delta(WSSR) : 0                 limit for stopping : 1e-05
 lambda	  : 1

initial set of free parameter values

c               = 0.00388419

After 2 iterations the fit converged.
final sum of squares of residuals : 2.0994e+09
rel. change during last iteration : -1.80172e-06

degrees of freedom    (FIT_NDF)                        : 999
rms of residuals      (FIT_STDFIT) = sqrt(WSSR/ndf)    : 1449.66
variance of residuals (reduced chisquare) = WSSR/ndf   : 2.10151e+06

Final set of parameters            Asymptotic Standard Error
=======================            ==========================

c               = 1946.82          +/- 45.84        (2.355%)


correlation matrix of the fit parameters:

               c      
c               1.000 


*******************************************************************************
Mon Mar 25 00:44:16 2019


FIT:    data read from 'plot.txt' using 1:2
        format = x:z
        #datapoints = 1000
        residuals are weighted equally (unit weight)

function used for fitting: g(x)
fitted parameters initialized with current variable values



 Iteration 0
 WSSR        : 1.26151e+21       delta(WSSR)/WSSR   : 0
 delta(WSSR) : 0                 limit for stopping : 1e-05
 lambda	  : 576926

initial set of free parameter values

c               = 1946.82

After 4 iterations the fit converged.
final sum of squares of residuals : 8.67934e+08
rel. change during last iteration : -1.37348e-16

degrees of freedom    (FIT_NDF)                        : 999
rms of residuals      (FIT_STDFIT) = sqrt(WSSR/ndf)    : 932.096
variance of residuals (reduced chisquare) = WSSR/ndf   : 868803

Final set of parameters            Asymptotic Standard Error
=======================            ==========================

c               = 0.00388419       +/- 5.109e-05    (1.315%)


correlation matrix of the fit parameters:

               c      
c               1.000 


*******************************************************************************
Mon Mar 25 01:18:37 2019


FIT:    data read from 'plot.txt' using 1:2
        format = x:z
        #datapoints = 8
        residuals are weighted equally (unit weight)

function used for fitting: g(x)
fitted parameters initialized with current variable values



 Iteration 0
 WSSR        : 4.34979e+14       delta(WSSR)/WSSR   : 0
 delta(WSSR) : 0                 limit for stopping : 1e-05
 lambda	  : 3.55335e+07

initial set of free parameter values

c               = 0.00388419

After 4 iterations the fit converged.
final sum of squares of residuals : 5.65174e+11
rel. change during last iteration : -3.67178e-15

degrees of freedom    (FIT_NDF)                        : 7
rms of residuals      (FIT_STDFIT) = sqrt(WSSR/ndf)    : 284146
variance of residuals (reduced chisquare) = WSSR/ndf   : 8.07392e+10

Final set of parameters            Asymptotic Standard Error
=======================            ==========================

c               = 0.211265         +/- 0.002827     (1.338%)


correlation matrix of the fit parameters:

               c      
c               1.000 


*******************************************************************************
Mon Mar 25 01:19:30 2019


FIT:    data read from 'plot.txt' using 1:2
        format = x:z
        #datapoints = 8
        residuals are weighted equally (unit weight)

function used for fitting: g(x)
fitted parameters initialized with current variable values



 Iteration 0
 WSSR        : 1.36473e+17       delta(WSSR)/WSSR   : 0
 delta(WSSR) : 0                 limit for stopping : 1e-05
 lambda	  : 6.53776e+08

initial set of free parameter values

c               = 0.211265

After 4 iterations the fit converged.
final sum of squares of residuals : 2.35912e+11
rel. change during last iteration : -1.73872e-12

degrees of freedom    (FIT_NDF)                        : 7
rms of residuals      (FIT_STDFIT) = sqrt(WSSR/ndf)    : 183580
variance of residuals (reduced chisquare) = WSSR/ndf   : 3.37018e+10

Final set of parameters            Asymptotic Standard Error
=======================            ==========================

c               = 0.0114867        +/- 9.928e-05    (0.8643%)


correlation matrix of the fit parameters:

               c      
c               1.000 


*******************************************************************************
Mon Mar 25 01:24:54 2019


FIT:    data read from 'plot.txt' using 1:2
        format = x:z
        #datapoints = 20
        residuals are weighted equally (unit weight)

function used for fitting: g(x)
fitted parameters initialized with current variable values



 Iteration 0
 WSSR        : 5.92903e+08       delta(WSSR)/WSSR   : 0
 delta(WSSR) : 0                 limit for stopping : 1e-05
 lambda	  : 1.42571e+06

initial set of free parameter values

c               = 0.0114867

After 3 iterations the fit converged.
final sum of squares of residuals : 1.98365e+08
rel. change during last iteration : -1.12639e-09

degrees of freedom    (FIT_NDF)                        : 19
rms of residuals      (FIT_STDFIT) = sqrt(WSSR/ndf)    : 3231.14
variance of residuals (reduced chisquare) = WSSR/ndf   : 1.04403e+07

Final set of parameters            Asymptotic Standard Error
=======================            ==========================

c               = 0.00837141       +/- 0.0005068    (6.054%)


correlation matrix of the fit parameters:

               c      
c               1.000 


*******************************************************************************
Mon Mar 25 01:25:13 2019


FIT:    data read from 'plot.txt' using 1:2
        format = x:z
        #datapoints = 20
        residuals are weighted equally (unit weight)

function used for fitting: g(x)
fitted parameters initialized with current variable values



 Iteration 0
 WSSR        : 2.58937e+09       delta(WSSR)/WSSR   : 0
 delta(WSSR) : 0                 limit for stopping : 1e-05
 lambda	  : 119791

initial set of free parameter values

c               = 0.00837141

After 3 iterations the fit converged.
final sum of squares of residuals : 2.06213e+08
rel. change during last iteration : -6.5449e-09

degrees of freedom    (FIT_NDF)                        : 19
rms of residuals      (FIT_STDFIT) = sqrt(WSSR/ndf)    : 3294.44
variance of residuals (reduced chisquare) = WSSR/ndf   : 1.08533e+07

Final set of parameters            Asymptotic Standard Error
=======================            ==========================

c               = 0.0994959        +/- 0.00615      (6.181%)


correlation matrix of the fit parameters:

               c      
c               1.000 


*******************************************************************************
Mon Mar 25 01:25:44 2019


FIT:    data read from 'plot.txt' using 1:2
        format = x:z
        #datapoints = 20
        residuals are weighted equally (unit weight)

function used for fitting: g(x)
fitted parameters initialized with current variable values



 Iteration 0
 WSSR        : 2.15504e+08       delta(WSSR)/WSSR   : 0
 delta(WSSR) : 0                 limit for stopping : 1e-05
 lambda	  : 119791

initial set of free parameter values

c               = 0.0994959

After 3 iterations the fit converged.
final sum of squares of residuals : 1.61535e+08
rel. change during last iteration : -1.89212e-10

degrees of freedom    (FIT_NDF)                        : 19
rms of residuals      (FIT_STDFIT) = sqrt(WSSR/ndf)    : 2915.79
variance of residuals (reduced chisquare) = WSSR/ndf   : 8.50183e+06

Final set of parameters            Asymptotic Standard Error
=======================            ==========================

c               = 0.0857829        +/- 0.005443     (6.345%)


correlation matrix of the fit parameters:

               c      
c               1.000 


*******************************************************************************
Mon Mar 25 01:25:55 2019


FIT:    data read from 'plot.txt' using 1:2
        format = x:z
        #datapoints = 20
        residuals are weighted equally (unit weight)

function used for fitting: g(x)
fitted parameters initialized with current variable values



 Iteration 0
 WSSR        : 2.50998e+11       delta(WSSR)/WSSR   : 0
 delta(WSSR) : 0                 limit for stopping : 1e-05
 lambda	  : 1.42571e+06

initial set of free parameter values

c               = 0.0857829

After 3 iterations the fit converged.
final sum of squares of residuals : 1.48218e+08
rel. change during last iteration : -9.58471e-07

degrees of freedom    (FIT_NDF)                        : 19
rms of residuals      (FIT_STDFIT) = sqrt(WSSR/ndf)    : 2793.02
variance of residuals (reduced chisquare) = WSSR/ndf   : 7.80097e+06

Final set of parameters            Asymptotic Standard Error
=======================            ==========================

c               = 0.00723037       +/- 0.0004381    (6.059%)


correlation matrix of the fit parameters:

               c      
c               1.000 


*******************************************************************************
Mon Mar 25 01:26:30 2019


FIT:    data read from 'plot.txt' using 1:2
        format = x:z
        #datapoints = 20
        residuals are weighted equally (unit weight)

function used for fitting: g(x)
fitted parameters initialized with current variable values



 Iteration 0
 WSSR        : 3.7774e+17        delta(WSSR)/WSSR   : 0
 delta(WSSR) : 0                 limit for stopping : 1e-05
 lambda	  : 1.90088e+10

initial set of free parameter values

c               = 0.00723037

After 4 iterations the fit converged.
final sum of squares of residuals : 1.62166e+08
rel. change during last iteration : -3.29792e-11

degrees of freedom    (FIT_NDF)                        : 19
rms of residuals      (FIT_STDFIT) = sqrt(WSSR/ndf)    : 2921.48
variance of residuals (reduced chisquare) = WSSR/ndf   : 8.53503e+06

Final set of parameters            Asymptotic Standard Error
=======================            ==========================

c               = 5.40515e-07      +/- 3.437e-08    (6.358%)


correlation matrix of the fit parameters:

               c      
c               1.000 
