foo1
1|1|0.000002
10|10|0.000001
100|100|0.000002
1000|1000|0.000004
10000|10000|0.000024
100000|100000|0.000334
1000000|1000000|0.002604
10000000|10000000|0.032266
100000000|100000000|0.286567
1000000000|1000000000|2.495141
foo2
1|1|0.000001
10|100|0.000002
100|10000|0.000063
1000|1000000|0.002073
10000|100000000|0.261206
100000|10000000000|24.504374
foo3
1|1|0.000002
10|1000|0.000005
100|1000000|0.003969
1000|1000000000|4.305571
foo4
1|0|0.000002
10|45|0.000002
100|4950|0.000014
1000|499500|0.001338
10000|49995000|0.133998
100000|4999950000|12.177927
foo5
1|0|0.000002
10|7524|0.000025
100|975002490|2.600870
foo6
1|0|0.000003
10|870|0.000028
100|12087075|0.034606
