Inorder
Aphrodite
The goddess of love, beauty and desire. Daughter of Zeus. Although married to Hephaestus she had many lovers, most notably Ares. She was depicted as a beautiful woman. Her symbols include the rose, scallop shell, pomegranate, and myrtle wreath. Her sacred animal is the dove.

Apollo
The god of music, healing, plague, the sun, prophecies, and poetry; associated with light, truth and the sun. He is Artemis' twin brother and Hermes' elder (half)brother, and son of Zeus and Leto. He was depicted as a handsome, beardless youth with long hair and various attributes including a laurel wreath, bow and quiver, raven, and lyre. Animals sacred to Apollo include: roe deer, swans, cicadas, hawks, ravens, crows, foxes, mice, and snakes.

Ares
The god of war, bloodshed, violence, manly courage, and civil order. The son of Zeus and Hera, he was depicted as either a mature, bearded warrior dressed in battle arms, or a nude beardless youth with helm and spear. His attributes are golden armour and a bronze-tipped spear. His sacred animals are the vulture, venomous snakes, alligators, dogs, and boars.

Artemis
Virgin goddess of the hunt, wilderness, animals, young girls, childbirth and plague. In later times she became associated with the moon. She is the daughter of Zeus and Leto, and twin sister of Apollo. In art she was usually depicted as a young woman dressed in a short knee-length chiton and equipped with a hunting bow and a quiver of arrows. In addition to the bow, her attributes include hunting spears, animal pelts, deer and other wild animals. Her sacred animals are deer, bears, and wild boars.

Athena
The goddess of wisdom, warfare, battle strategy, heroic endeavour, handicrafts and reason. According to most traditions, she was born from Zeus's head fully formed and armored. She was depicted crowned with a crested helm, armed with shield and a spear. Her symbol is the olive tree. She is commonly shown accompanied by her sacred animal, the owl.

Demeter
The goddess of agriculture, horticulture, grain and harvest. Demeter is a daughter of Kronos and Rhea and sister of Zeus, by whom she bore Persephone. She was depicted as a mature woman, often crowned and holding sheafs of wheat and a torch. Her symbols are the Cornucopia (horn of plenty), wheat-ears, the winged serpent and the lotus staff. Her sacred animals are pigs and snakes.

Dionysus
The god of wine, parties and festivals, madness, chaos, drunkenness and ecstasy. He was depicted in art as either an older bearded god or a pretty effeminate, long-haired youth. His attributes include the thyrsus (a pinecone-tipped staff), drinking cup, grape vine, and a crown of ivy. Animals sacred to him include dolphins, serpents, tigers, and donkeys. A later addition to the Olympians, in some accounts he replaced Hestia.

Eros
God of love.

Hades
King of the Underworld and god of the dead and the hidden wealth of the Earth. His consort is Persephone and his attributes are the key of Hades, the Helm of Darkness, and the three-headed dog, Cerberus. The screech owl was sacred to him. Despite being the son of Kronos and Rhea and the elder brother of Zeus, as a chthonic god he is only rarely listed among the Olympians. The name Pluto became more common in the Classical period with the mystery religions and Athenian literature. He did not have a throne in Olympus, but is still very known for being one of the three sons of Cronus.

Hephaestus
Crippled god of fire, metalworking, stonemasonry, sculpture and volcanism. The son of Hera by parthenogenesis, he is the smith of the gods and the husband of the adulterous Aphrodite. He was usually depicted as a bearded man holding hammer and tongs—the tools of a smith—and riding a donkey. His symbols are the hammer, tongs, and anvil. His sacred animals are the donkey, the guard dog and the crane.

Hera
The queen of the gods and goddess of marriage, women, childbirth, heirs, kings and empires. She is the wife of Zeus and daughter of Cronus and Rhea. She was usually depicted as a beautiful woman wearing a crown and veil and holding a royal, lotus-tipped staff. Her sacred animals are the heifer, the lion, the peacock, and the cuckoo.

Heracles
A defied mortal. Extraordinary strength, courage, and ingenuity. Although he was not as clever as the likes of Odysseus or Nestor, Heracles used his wits on several occasions when his strength did not suffice, such as when laboring for the king Augeas of Elis, wrestling the giant Antaeus, or tricking Atlas into taking the sky back onto his shoulders. Together with Hermes he was the patron and protector of gymnasia and palaestrae. His iconographic attributes are the lion skin and the club.

Hermes
The god of travel, messengers, trade, thievery, cunning wiles, language, writing, diplomacy, athletics, and animal husbandry. He is the messenger of the gods, a psychopomp who leads the souls of the dead into Hades' realm, and the son of Zeus and Maia. He was depicted either as a handsome and athletic beardless youth, or as an older bearded man. His attributes include the herald's wand or caduceus, winged sandals, and a traveler's cap. His sacred animals are the tortoise, the ram, and the hawk.

Hestia
Virgin goddess of the hearth, home and cooking. She is a daughter of Rhea and Cronus and sister of Zeus. She was depicted as a modestly veiled woman, whose symbols are the hearth and kettle. In some accounts, she gave up her seat as one of the Twelve Olympians in favor of Dionysus. As well in other tales, she gave up her seat to Aphrodite.

Kerberos
A three-headed hound who guards the gates of the Underworld, to prevent those who have crossed the river Styx from ever escaping.

Orpheus
A mortal. A legendary musician and poet who attempted to retrieve his dead wife from the Underworld.

Pandora
The first woman

Pegasus
A winged divine horse.

Poseidon
The god of the sea, rivers, floods, droughts, earthquakes, and the creator of horses; known as the 'Earth Shaker'. He is a son of Cronus and Rhea and brother to Zeus and Hades. In classical artwork, he was depicted as a mature man of sturdy build with a dark beard, and holding a trident. The horse and the dolphin are sacred to him.

Zeus
The king of the gods, the ruler of Mount Olympus and the god of the sky, weather, thunder, lightning, law, order, and fate. He is the youngest son of Cronus and Rhea, whom he overthrew after Cronus swallowed his brothers and sisters and he is brother-husband to Hera. In artwork, he was depicted as a regal, mature man with a sturdy figure and dark beard. His usual attributes are the royal scepter and the lightning bolt, and his sacred animals are the eagle and the bull.



Preorder
Hera
Athena
Ares
Apollo
Aphrodite
Artemis
Hades
Dionysus
Demeter
Eros
Hephaestus
Hestia
Hermes
Heracles
Pandora
Orpheus
Kerberos
Poseidon
Pegasus
Zeus


Postorder
Aphrodite
Apollo
Artemis
Ares
Demeter
Eros
Dionysus
Hephaestus
Hades
Athena
Heracles
Hermes
Kerberos
Orpheus
Pegasus
Zeus
Poseidon
Pandora
Hestia
Hera


Found key Dionysus

Value Is:
 The god of wine, parties and festivals, madness, chaos, drunkenness and ecstasy. He was depicted in art as either an older bearded god or a pretty effeminate, long-haired youth. His attributes include the thyrsus (a pinecone-tipped staff), drinking cup, grape vine, and a crown of ivy. Animals sacred to him include dolphins, serpents, tigers, and donkeys. A later addition to the Olympians, in some accounts he replaced Hestia.

Cannot find Jupiter


Deleting Hestia
Deleting Artemis
Deleting Hades
Deleting Pandora
Deleting Hephaestus
Deleting Zeus

Inorder List:
Aphrodite
Apollo
Ares
Athena
Dionysus
Eros
Demeter
Hera
Hermes
Heracles
Orpheus
Kerberos
Pegasus
Poseidon
